<?xml version="1.0" encoding="UTF-8"?>
<!-- Generated by org.testng.reporters.JUnitXMLReporter -->
<testsuite ignored="0" hostname="DELL" failures="0" tests="3" name="Default test" time="14.088" errors="0" timestamp="2021-06-22T23:45:01 IST">
  <testcase classname="pallavi.assignment15.DataProvider" name="registration" time="0.65"/>
  <testcase classname="pallavi.assignment15.DataProvider" name="registration" time="0.714"/>
  <testcase classname="pallavi.assignment15.DataProvider" name="registration" time="0.789"/>
</testsuite> <!-- Default test -->
