<?xml version="1.0" encoding="UTF-8"?>
<testng-results ignored="0" total="3" passed="3" failed="0" skipped="0">
  <reporter-output>
  </reporter-output>
  <suite started-at="2021-06-22T23:44:47 IST" name="Default suite" finished-at="2021-06-22T23:45:01 IST" duration-ms="14088">
    <groups>
    </groups>
    <test started-at="2021-06-22T23:44:47 IST" name="Default test" finished-at="2021-06-22T23:45:01 IST" duration-ms="14088">
      <class name="pallavi.assignment15.DataProvider">
        <test-method is-config="true" signature="openUrl()[pri:0, instance:pallavi.assignment15.DataProvider@5136d012]" started-at="2021-06-22T23:44:47 IST" name="openUrl" finished-at="2021-06-22T23:44:52 IST" duration-ms="5124" status="PASS">
          <reporter-output>
          </reporter-output>
        </test-method> <!-- openUrl -->
        <test-method signature="registration(java.lang.String, java.lang.String, java.lang.String)[pri:0, instance:pallavi.assignment15.DataProvider@5136d012]" started-at="2021-06-22T23:44:52 IST" name="registration" data-provider="loginData" finished-at="2021-06-22T23:44:53 IST" duration-ms="650" status="PASS">
          <params>
            <param index="0">
              <value>
                <![CDATA[pallavi]]>
              </value>
            </param>
            <param index="1">
              <value>
                <![CDATA[pallavi123]]>
              </value>
            </param>
            <param index="2">
              <value>
                <![CDATA[Success!]]>
              </value>
            </param>
          </params>
          <reporter-output>
          </reporter-output>
        </test-method> <!-- registration -->
        <test-method is-config="true" signature="openUrl()[pri:0, instance:pallavi.assignment15.DataProvider@5136d012]" started-at="2021-06-22T23:44:53 IST" name="openUrl" finished-at="2021-06-22T23:44:56 IST" duration-ms="3570" status="PASS">
          <reporter-output>
          </reporter-output>
        </test-method> <!-- openUrl -->
        <test-method signature="registration(java.lang.String, java.lang.String, java.lang.String)[pri:0, instance:pallavi.assignment15.DataProvider@5136d012]" started-at="2021-06-22T23:44:56 IST" name="registration" data-provider="loginData" finished-at="2021-06-22T23:44:57 IST" duration-ms="714" status="PASS">
          <params>
            <param index="0">
              <value>
                <![CDATA[Simmi]]>
              </value>
            </param>
            <param index="1">
              <value>
                <![CDATA[simi123]]>
              </value>
            </param>
            <param index="2">
              <value>
                <![CDATA[Failed! please enter strong password]]>
              </value>
            </param>
          </params>
          <reporter-output>
          </reporter-output>
        </test-method> <!-- registration -->
        <test-method is-config="true" signature="openUrl()[pri:0, instance:pallavi.assignment15.DataProvider@5136d012]" started-at="2021-06-22T23:44:57 IST" name="openUrl" finished-at="2021-06-22T23:45:00 IST" duration-ms="3149" status="PASS">
          <reporter-output>
          </reporter-output>
        </test-method> <!-- openUrl -->
        <test-method signature="registration(java.lang.String, java.lang.String, java.lang.String)[pri:0, instance:pallavi.assignment15.DataProvider@5136d012]" started-at="2021-06-22T23:45:00 IST" name="registration" data-provider="loginData" finished-at="2021-06-22T23:45:01 IST" duration-ms="789" status="PASS">
          <params>
            <param index="0">
              <value>
                <![CDATA[upasana]]>
              </value>
            </param>
            <param index="1">
              <value>
                <![CDATA[upasana123]]>
              </value>
            </param>
            <param index="2">
              <value>
                <![CDATA[Success!]]>
              </value>
            </param>
          </params>
          <reporter-output>
          </reporter-output>
        </test-method> <!-- registration -->
      </class> <!-- pallavi.assignment15.DataProvider -->
    </test> <!-- Default test -->
  </suite> <!-- Default suite -->
</testng-results>
